[INFO] 2025-08-26T21:21:59.957Z - Serveur initialisé avec succès
[INFO] 2025-08-26T21:21:59.962Z - Backend démarré sur http://localhost:3001
::1 - - [26/Aug/2025:21:22:44 +0000] "GET /health HTTP/1.1" 200 74 "-" "PostmanRuntime/7.45.0"
[INFO] 2025-08-26T21:23:11.357Z - Utilisateur connecté
::1 - - [26/Aug/2025:21:23:11 +0000] "POST /auth/login HTTP/1.1" 200 281 "-" "PostmanRuntime/7.45.0"
[INFO] 2025-08-26T21:23:49.167Z - Serveur initialisé avec succès
[INFO] 2025-08-26T21:23:49.172Z - Backend démarré sur http://localhost:3001
[INFO] 2025-08-26T21:24:05.907Z - Serveur initialisé avec succès
[INFO] 2025-08-26T21:24:05.911Z - Backend démarré sur http://localhost:3001
::1 - - [26/Aug/2025:21:24:23 +0000] "GET /health HTTP/1.1" 200 74 "-" "PostmanRuntime/7.45.0"
::1 - - [26/Aug/2025:21:24:31 +0000] "GET /users HTTP/1.1" 403 28 "-" "PostmanRuntime/7.45.0"
[INFO] 2025-08-26T21:24:36.802Z - Utilisateur connecté
::1 - - [26/Aug/2025:21:24:36 +0000] "POST /auth/login HTTP/1.1" 200 281 "-" "PostmanRuntime/7.45.0"
[INFO] 2025-08-26T21:24:56.435Z - Liste des utilisateurs retournée
::1 - - [26/Aug/2025:21:24:56 +0000] "GET /users HTTP/1.1" 200 68 "-" "PostmanRuntime/7.45.0"
[INFO] 2025-08-26T21:25:13.053Z - Serveur initialisé avec succès
[INFO] 2025-08-26T21:25:13.060Z - Backend démarré sur http://localhost:3001
[INFO] 2025-08-26T21:25:28.393Z - Serveur initialisé avec succès
[INFO] 2025-08-26T21:25:28.398Z - Backend démarré sur http://localhost:3001
[INFO] 2025-08-26T21:26:06.876Z - Serveur initialisé avec succès
[INFO] 2025-08-26T21:26:06.881Z - Backend démarré sur http://localhost:3001
[INFO] 2025-08-26T21:26:13.177Z - Serveur initialisé avec succès
[INFO] 2025-08-26T21:26:13.184Z - Backend démarré sur http://localhost:3001
[INFO] 2025-08-26T21:26:34.021Z - Serveur initialisé avec succès
[INFO] 2025-08-26T21:26:34.025Z - Backend démarré sur http://localhost:3001
[INFO] 2025-08-26T21:26:46.497Z - Liste des utilisateurs retournée
::1 - - [26/Aug/2025:21:26:46 +0000] "GET /users HTTP/1.1" 200 68 "-" "PostmanRuntime/7.45.0"
[INFO] 2025-08-26T21:26:59.010Z - Utilisateur connecté
::1 - - [26/Aug/2025:21:26:59 +0000] "POST /auth/login HTTP/1.1" 200 281 "-" "PostmanRuntime/7.45.0"
::1 - - [26/Aug/2025:21:27:02 +0000] "GET /health HTTP/1.1" 200 74 "-" "PostmanRuntime/7.45.0"
[INFO] 2025-08-26T21:27:17.530Z - Liste des utilisateurs retournée
::1 - - [26/Aug/2025:21:27:17 +0000] "GET /users HTTP/1.1" 200 68 "-" "PostmanRuntime/7.45.0"
::1 - - [26/Aug/2025:21:29:32 +0000] "GET / HTTP/1.1" 304 - "-" "Mozilla/5.0 (Windows NT 10.0; Win64; x64) AppleWebKit/537.36 (KHTML, like Gecko) Chrome/139.0.0.0 Safari/537.36"
[INFO] 2025-08-26T21:33:13.405Z - Serveur initialisé avec succès
[INFO] 2025-08-26T21:33:13.428Z - Backend démarré sur http://localhost:3001
[INFO] 2025-08-26T21:34:14.854Z - Serveur initialisé avec succès
[INFO] 2025-08-26T21:34:14.858Z - Backend démarré sur http://localhost:3001
[INFO] 2025-08-26T21:34:45.810Z - Serveur initialisé avec succès
[INFO] 2025-08-26T21:34:45.816Z - Backend démarré sur http://localhost:3001
[INFO] 2025-08-26T21:34:48.329Z - Serveur initialisé avec succès
[INFO] 2025-08-26T21:34:48.333Z - Backend démarré sur http://localhost:3001
[INFO] 2025-08-26T21:35:09.152Z - Serveur initialisé avec succès
[INFO] 2025-08-26T21:35:09.157Z - Backend démarré sur http://localhost:3001
[INFO] 2025-08-26T21:38:26.720Z - Serveur initialisé avec succès
[INFO] 2025-08-26T21:38:26.724Z - Backend démarré sur http://localhost:3001
[INFO] 2025-08-26T21:38:31.303Z - Serveur initialisé avec succès
[INFO] 2025-08-26T21:38:31.309Z - Backend démarré sur http://localhost:3001
[INFO] 2025-08-26T21:38:35.708Z - Serveur initialisé avec succès
[INFO] 2025-08-26T21:38:35.713Z - Backend démarré sur http://localhost:3001
[INFO] 2025-08-26T21:40:07.651Z - Serveur initialisé avec succès
[INFO] 2025-08-26T21:40:07.657Z - Backend démarré sur http://localhost:3001
[INFO] 2025-08-26T21:40:09.174Z - Serveur initialisé avec succès
[INFO] 2025-08-26T21:40:09.184Z - Backend démarré sur http://localhost:3001
[INFO] 2025-08-26T21:40:31.648Z - Serveur initialisé avec succès
[INFO] 2025-08-26T21:40:31.655Z - Backend démarré sur http://localhost:3001
[INFO] 2025-08-26T21:40:40.868Z - Serveur initialisé avec succès
[INFO] 2025-08-26T21:40:40.877Z - Backend démarré sur http://localhost:3001
[INFO] 2025-08-26T21:44:42.988Z - Serveur initialisé avec succès
[INFO] 2025-08-26T21:44:43.009Z - Backend démarré sur http://localhost:3001
[INFO] 2025-08-26T21:44:46.297Z - Serveur initialisé avec succès
[INFO] 2025-08-26T21:44:46.304Z - Backend démarré sur http://localhost:3001
[INFO] 2025-08-26T21:44:50.290Z - Serveur initialisé avec succès
[INFO] 2025-08-26T21:44:50.296Z - Backend démarré sur http://localhost:3001
[INFO] 2025-08-26T21:45:01.529Z - Serveur initialisé avec succès
[INFO] 2025-08-26T21:45:01.537Z - Backend démarré sur http://localhost:3001
[INFO] 2025-08-26T21:45:05.176Z - Serveur initialisé avec succès
[INFO] 2025-08-26T21:45:05.182Z - Backend démarré sur http://localhost:3001
[INFO] 2025-08-26T21:45:06.348Z - Serveur initialisé avec succès
[INFO] 2025-08-26T21:45:06.354Z - Backend démarré sur http://localhost:3001
[INFO] 2025-08-26T21:45:09.420Z - Serveur initialisé avec succès
[INFO] 2025-08-26T21:45:09.427Z - Backend démarré sur http://localhost:3001
[INFO] 2025-08-26T21:45:13.268Z - Serveur initialisé avec succès
[INFO] 2025-08-26T21:45:13.275Z - Backend démarré sur http://localhost:3001
[INFO] 2025-08-26T21:45:15.780Z - Serveur initialisé avec succès
[INFO] 2025-08-26T21:45:15.788Z - Backend démarré sur http://localhost:3001
[INFO] 2025-08-26T21:45:22.891Z - Serveur initialisé avec succès
[INFO] 2025-08-26T21:45:22.897Z - Backend démarré sur http://localhost:3001
[INFO] 2025-08-26T21:46:29.451Z - Serveur initialisé avec succès
[INFO] 2025-08-26T21:46:29.458Z - Backend démarré sur http://localhost:3001
[INFO] 2025-08-26T21:46:39.029Z - Serveur initialisé avec succès
[INFO] 2025-08-26T21:46:39.035Z - Backend démarré sur http://localhost:3001
[INFO] 2025-08-26T21:46:44.237Z - Serveur initialisé avec succès
[INFO] 2025-08-26T21:46:44.242Z - Backend démarré sur http://localhost:3001
[INFO] 2025-08-26T21:46:50.375Z - Serveur initialisé avec succès
[INFO] 2025-08-26T21:46:50.381Z - Backend démarré sur http://localhost:3001
[INFO] 2025-08-26T21:47:30.845Z - Serveur initialisé avec succès
[INFO] 2025-08-26T21:47:30.850Z - Backend démarré sur http://localhost:3001
[INFO] 2025-08-26T21:47:32.675Z - Serveur initialisé avec succès
[INFO] 2025-08-26T21:47:32.681Z - Backend démarré sur http://localhost:3001
[INFO] 2025-08-26T21:47:37.982Z - Serveur initialisé avec succès
[INFO] 2025-08-26T21:47:37.996Z - Backend démarré sur http://localhost:3001
[INFO] 2025-08-26T21:49:58.902Z - Serveur initialisé avec succès
[INFO] 2025-08-26T21:49:58.908Z - Backend démarré sur http://localhost:3001
[INFO] 2025-08-26T21:50:46.418Z - Serveur initialisé avec succès
[INFO] 2025-08-26T21:50:46.425Z - Backend démarré sur http://localhost:3001
[INFO] 2025-08-26T21:52:46.304Z - Serveur initialisé avec succès
[INFO] 2025-08-26T21:52:46.314Z - Backend démarré sur http://localhost:3001
[INFO] 2025-08-26T21:52:54.742Z - Serveur initialisé avec succès
[INFO] 2025-08-26T21:52:54.747Z - Backend démarré sur http://localhost:3001
[INFO] 2025-08-26T21:52:58.446Z - Serveur initialisé avec succès
[INFO] 2025-08-26T21:52:58.452Z - Backend démarré sur http://localhost:3001
[INFO] 2025-08-26T22:04:57.422Z - Serveur initialisé avec succès
[INFO] 2025-08-26T22:04:57.445Z - Backend démarré sur http://localhost:3001
[INFO] 2025-08-26T22:04:58.689Z - Serveur initialisé avec succès
[INFO] 2025-08-26T22:04:58.695Z - Backend démarré sur http://localhost:3001
[INFO] 2025-08-26T22:24:01.701Z - Serveur initialisé avec succès
[INFO] 2025-08-26T22:24:01.721Z - Backend démarré sur http://localhost:3001
[INFO] 2025-08-26T22:34:16.661Z - Serveur initialisé avec succès
[INFO] 2025-08-26T22:34:16.682Z - Backend démarré sur http://localhost:3001
[INFO] 2025-08-26T22:34:53.962Z - Serveur initialisé avec succès
[INFO] 2025-08-26T22:34:53.969Z - Backend démarré sur http://localhost:3001
[INFO] 2025-08-26T22:35:18.238Z - Serveur initialisé avec succès
[INFO] 2025-08-26T22:35:18.243Z - Backend démarré sur http://localhost:3001
[INFO] 2025-08-26T22:35:33.008Z - Serveur initialisé avec succès
[INFO] 2025-08-26T22:35:33.014Z - Backend démarré sur http://localhost:3001
[INFO] 2025-08-26T22:48:41.495Z - Serveur initialisé avec succès
[INFO] 2025-08-26T22:48:41.506Z - Backend démarré sur http://localhost:3001
[INFO] 2025-08-26T22:48:42.443Z - Serveur initialisé avec succès
[INFO] 2025-08-26T22:48:42.449Z - Backend démarré sur http://localhost:3001
[INFO] 2025-08-26T22:48:57.276Z - Serveur initialisé avec succès
[INFO] 2025-08-26T22:48:57.281Z - Backend démarré sur http://localhost:3001
[INFO] 2025-08-26T22:48:58.345Z - Serveur initialisé avec succès
[INFO] 2025-08-26T22:48:58.363Z - Backend démarré sur http://localhost:3001
[INFO] 2025-08-26T22:51:04.331Z - Serveur initialisé avec succès
[INFO] 2025-08-26T22:51:04.338Z - Backend démarré sur http://localhost:3001
[INFO] 2025-08-26T22:51:26.628Z - Serveur initialisé avec succès
[INFO] 2025-08-26T22:51:26.633Z - Backend démarré sur http://localhost:3001
[INFO] 2025-08-26T22:51:28.015Z - Serveur initialisé avec succès
[INFO] 2025-08-26T22:51:28.020Z - Backend démarré sur http://localhost:3001
[INFO] 2025-08-26T22:51:29.193Z - Serveur initialisé avec succès
[INFO] 2025-08-26T22:51:29.200Z - Backend démarré sur http://localhost:3001
[INFO] 2025-08-26T23:05:47.182Z - Serveur initialisé avec succès
[INFO] 2025-08-26T23:05:47.189Z - Backend démarré sur http://localhost:3001
[ERROR] 2025-08-26T23:06:49.494Z - Erreur lors de l'inscription
::1 - - [26/Aug/2025:23:06:49 +0000] "POST /auth/register HTTP/1.1" 400 27 "-" "PostmanRuntime/7.45.0"
[INFO] 2025-08-26T23:09:09.786Z - Serveur initialisé avec succès
[INFO] 2025-08-26T23:09:09.793Z - Backend démarré sur http://localhost:3001
[INFO] 2025-08-26T23:09:10.899Z - Serveur initialisé avec succès
[INFO] 2025-08-26T23:09:10.925Z - Backend démarré sur http://localhost:3001
[INFO] 2025-08-26T23:09:13.961Z - Serveur initialisé avec succès
[INFO] 2025-08-26T23:09:13.988Z - Backend démarré sur http://localhost:3001
[INFO] 2025-08-26T23:09:17.813Z - Serveur initialisé avec succès
[INFO] 2025-08-26T23:09:17.819Z - Backend démarré sur http://localhost:3001
[INFO] 2025-08-26T23:09:46.451Z - Serveur initialisé avec succès
[INFO] 2025-08-26T23:09:46.456Z - Backend démarré sur http://localhost:3001
[INFO] 2025-08-26T23:09:47.565Z - Serveur initialisé avec succès
[INFO] 2025-08-26T23:09:47.570Z - Backend démarré sur http://localhost:3001
[INFO] 2025-08-26T23:09:50.082Z - Serveur initialisé avec succès
[INFO] 2025-08-26T23:09:50.090Z - Backend démarré sur http://localhost:3001
[INFO] 2025-08-26T23:10:14.892Z - Serveur initialisé avec succès
[INFO] 2025-08-26T23:10:14.897Z - Backend démarré sur http://localhost:3001
[INFO] 2025-08-26T23:10:16.036Z - Serveur initialisé avec succès
[INFO] 2025-08-26T23:10:16.042Z - Backend démarré sur http://localhost:3001
[INFO] 2025-08-26T23:10:42.480Z - Serveur initialisé avec succès
[INFO] 2025-08-26T23:10:42.485Z - Backend démarré sur http://localhost:3001
[INFO] 2025-08-26T23:10:43.510Z - Serveur initialisé avec succès
[INFO] 2025-08-26T23:10:43.516Z - Backend démarré sur http://localhost:3001
[INFO] 2025-08-26T23:11:07.004Z - Serveur initialisé avec succès
[INFO] 2025-08-26T23:11:07.012Z - Backend démarré sur http://localhost:3001
[INFO] 2025-08-26T23:11:08.993Z - Serveur initialisé avec succès
[INFO] 2025-08-26T23:11:09.000Z - Backend démarré sur http://localhost:3001
[INFO] 2025-08-26T23:11:11.234Z - Serveur initialisé avec succès
[INFO] 2025-08-26T23:11:11.239Z - Backend démarré sur http://localhost:3001
[INFO] 2025-08-26T23:16:29.729Z - Serveur initialisé avec succès
[INFO] 2025-08-26T23:16:29.736Z - Backend démarré sur http://localhost:3001
[INFO] 2025-08-26T23:17:33.368Z - Serveur initialisé avec succès
[INFO] 2025-08-26T23:17:33.375Z - Backend démarré sur http://localhost:3001
[INFO] 2025-08-26T23:17:35.999Z - Serveur initialisé avec succès
[INFO] 2025-08-26T23:17:36.006Z - Backend démarré sur http://localhost:3001
[INFO] 2025-08-26T23:18:24.310Z - Serveur initialisé avec succès
[INFO] 2025-08-26T23:18:24.315Z - Backend démarré sur http://localhost:3001
[INFO] 2025-08-26T23:18:29.940Z - Serveur initialisé avec succès
[INFO] 2025-08-26T23:18:29.945Z - Backend démarré sur http://localhost:3001
[INFO] 2025-08-26T23:18:39.166Z - Serveur initialisé avec succès
[INFO] 2025-08-26T23:18:39.173Z - Backend démarré sur http://localhost:3001
[INFO] 2025-08-26T23:19:11.979Z - Serveur initialisé avec succès
[INFO] 2025-08-26T23:19:11.985Z - Backend démarré sur http://localhost:3001
[INFO] 2025-08-26T23:19:14.654Z - Serveur initialisé avec succès
[INFO] 2025-08-26T23:19:14.661Z - Backend démarré sur http://localhost:3001
[INFO] 2025-08-26T23:19:33.131Z - Serveur initialisé avec succès
[INFO] 2025-08-26T23:19:33.137Z - Backend démarré sur http://localhost:3001
[INFO] 2025-08-26T23:19:37.631Z - Serveur initialisé avec succès
[INFO] 2025-08-26T23:19:37.636Z - Backend démarré sur http://localhost:3001
[INFO] 2025-08-26T23:20:11.838Z - Serveur initialisé avec succès
[INFO] 2025-08-26T23:20:11.844Z - Backend démarré sur http://localhost:3001
[INFO] 2025-08-26T23:20:14.563Z - Serveur initialisé avec succès
[INFO] 2025-08-26T23:20:14.575Z - Backend démarré sur http://localhost:3001
[INFO] 2025-08-26T23:20:31.563Z - Serveur initialisé avec succès
[INFO] 2025-08-26T23:20:31.568Z - Backend démarré sur http://localhost:3001
[INFO] 2025-08-26T23:20:33.633Z - Serveur initialisé avec succès
[INFO] 2025-08-26T23:20:33.638Z - Backend démarré sur http://localhost:3001
[INFO] 2025-08-26T23:20:35.928Z - Serveur initialisé avec succès
[INFO] 2025-08-26T23:20:35.933Z - Backend démarré sur http://localhost:3001
[INFO] 2025-08-26T23:20:38.027Z - Serveur initialisé avec succès
[INFO] 2025-08-26T23:20:38.033Z - Backend démarré sur http://localhost:3001
[INFO] 2025-08-26T23:20:41.884Z - Serveur initialisé avec succès
[INFO] 2025-08-26T23:20:41.890Z - Backend démarré sur http://localhost:3001
[INFO] 2025-08-26T23:20:56.192Z - Serveur initialisé avec succès
[INFO] 2025-08-26T23:20:56.198Z - Backend démarré sur http://localhost:3001
[INFO] 2025-08-26T23:24:09.671Z - Serveur initialisé avec succès
[INFO] 2025-08-26T23:24:09.675Z - Backend démarré sur http://localhost:3001
[INFO] 2025-08-26T23:24:27.164Z - Serveur initialisé avec succès
[INFO] 2025-08-26T23:24:27.169Z - Backend démarré sur http://localhost:3001
[INFO] 2025-08-26T23:24:28.352Z - Serveur initialisé avec succès
[INFO] 2025-08-26T23:24:28.357Z - Backend démarré sur http://localhost:3001
[INFO] 2025-08-26T23:24:46.863Z - Serveur initialisé avec succès
[INFO] 2025-08-26T23:24:46.870Z - Backend démarré sur http://localhost:3001
[INFO] 2025-08-26T23:24:48.578Z - Serveur initialisé avec succès
[INFO] 2025-08-26T23:24:48.585Z - Backend démarré sur http://localhost:3001
[INFO] 2025-08-26T23:24:52.673Z - Serveur initialisé avec succès
[INFO] 2025-08-26T23:24:52.678Z - Backend démarré sur http://localhost:3001
[ERROR] 2025-08-26T23:37:36.043Z - Erreur lors de l'inscription
::1 - - [26/Aug/2025:23:37:36 +0000] "POST /auth/register HTTP/1.1" 400 27 "-" "PostmanRuntime/7.45.0"
[INFO] 2025-08-26T23:42:38.378Z - Serveur initialisé avec succès
[INFO] 2025-08-26T23:42:38.398Z - Backend démarré sur http://localhost:3001
[INFO] 2025-08-26T23:43:15.737Z - Serveur initialisé avec succès
[INFO] 2025-08-26T23:43:15.742Z - Backend démarré sur http://localhost:3001
[INFO] 2025-08-26T23:43:27.445Z - Serveur initialisé avec succès
[INFO] 2025-08-26T23:43:27.452Z - Backend démarré sur http://localhost:3001
[INFO] 2025-08-26T23:44:27.051Z - Serveur initialisé avec succès
[INFO] 2025-08-26T23:44:27.058Z - Backend démarré sur http://localhost:3001
[ERROR] 2025-08-26T23:46:04.489Z - Erreur lors de l'inscription
::1 - - [26/Aug/2025:23:46:04 +0000] "POST /auth/register HTTP/1.1" 400 74 "-" "PostmanRuntime/7.45.0"
[INFO] 2025-08-26T23:57:21.710Z - Serveur initialisé avec succès
[INFO] 2025-08-26T23:57:21.717Z - Backend démarré sur http://localhost:3001
[INFO] 2025-08-27T00:01:25.265Z - Serveur initialisé avec succès
[INFO] 2025-08-27T00:01:25.272Z - Backend démarré sur http://localhost:3001
[ERROR] 2025-08-27T00:02:35.424Z - Erreur lors de l'inscription
::1 - - [27/Aug/2025:00:02:35 +0000] "POST /auth/register HTTP/1.1" 400 74 "-" "PostmanRuntime/7.45.0"
[ERROR] 2025-08-27T00:05:16.984Z - Erreur lors de l'inscription
::1 - - [27/Aug/2025:00:05:16 +0000] "POST /auth/register HTTP/1.1" 400 74 "-" "PostmanRuntime/7.45.0"
[INFO] 2025-08-27T00:05:43.956Z - Utilisateur enregistré
::1 - - [27/Aug/2025:00:05:43 +0000] "POST /auth/register HTTP/1.1" 201 97 "-" "PostmanRuntime/7.45.0"
::1 - - [27/Aug/2025:00:08:22 +0000] "GET /health HTTP/1.1" 200 74 "-" "PostmanRuntime/7.45.0"
[ERROR] 2025-08-27T00:08:48.990Z - Login échoué: mauvais mot de passe
[ERROR] 2025-08-27T00:08:49.002Z - Erreur lors de la connexion
::1 - - [27/Aug/2025:00:08:49 +0000] "POST /auth/login HTTP/1.1" 401 43 "-" "PostmanRuntime/7.45.0"
[ERROR] 2025-08-27T00:09:21.986Z - Login échoué: mauvais mot de passe
[ERROR] 2025-08-27T00:09:21.988Z - Erreur lors de la connexion
::1 - - [27/Aug/2025:00:09:21 +0000] "POST /auth/login HTTP/1.1" 401 43 "-" "PostmanRuntime/7.45.0"
[INFO] 2025-08-27T00:09:48.457Z - Utilisateur connecté
::1 - - [27/Aug/2025:00:09:48 +0000] "POST /auth/login HTTP/1.1" 200 352 "-" "PostmanRuntime/7.45.0"
[INFO] 2025-08-27T00:10:10.886Z - Utilisateur authentifié : 789ab7c0-83ae-49ad-bc93-940676608c35
[INFO] 2025-08-27T00:10:10.888Z - Accès autorisé
[INFO] 2025-08-27T00:10:11.293Z - Liste des utilisateurs retournée
::1 - - [27/Aug/2025:00:10:11 +0000] "GET /users HTTP/1.1" 200 224 "-" "PostmanRuntime/7.45.0"
